[    0.0s] loading gpt2
Warning: You are sending unauthenticated requests to the HF Hub. Please set a HF_TOKEN to enable higher rate limits and faster downloads.
Loading weights:   0%|          | 0/148 [00:00<?, ?it/s]Loading weights:  12%|█▏        | 18/148 [00:00<00:00, 175.88it/s]Loading weights:  33%|███▎      | 49/148 [00:00<00:00, 239.37it/s]Loading weights: 100%|██████████| 148/148 [00:00<00:00, 545.02it/s]
Loaded pretrained model gpt2 into HookedTransformer
[   11.7s] clean_acc=1.000 swap_clean_acc=1.000 noop_floor=0.000
[   57.0s] clean_acc              1.000
[   57.0s] swap_clean_acc         1.000
[   57.0s] noop_floor             0.000
[   57.0s] oracle_full_resid      1.000
[   57.0s] S1_full                1.000
[   57.0s] S2_full                0.375
[   57.0s] own_S1sub_on_S1        1.000
[   57.0s] own_S2sub_on_S2        0.375
[   57.0s] cross_S2sub_on_S1      0.750
[   57.0s] cross_S1sub_on_S2      0.062
[   57.0s] mis_on_S1              0.000
[   57.0s] mis_on_S2              0.000
[   57.0s] rnd_on_S1              0.000
[   57.0s] rnd_on_S2              0.000
[   57.0s] VERDICT: INCONCLUSIVE_regime_not_reproduced
